\BOOKMARK [0][-]{chapter*.4}{\376\377\000\315\000n\000d\000i\000c\000e\000\040\000d\000e\000\040\000c\000u\000a\000d\000r\000o\000s}{}% 1
\BOOKMARK [0][-]{chapter*.4}{\376\377\000L\000i\000s\000t\000a\000\040\000d\000e\000\040\000T\000a\000b\000l\000a\000s}{}% 2
\BOOKMARK [0][-]{chapter*.5}{\376\377\000\315\000n\000d\000i\000c\000e\000\040\000d\000e\000\040\000f\000i\000g\000u\000r\000a\000s}{}% 3
\BOOKMARK [0][-]{chapter*.5}{\376\377\000L\000i\000s\000t\000a\000\040\000d\000e\000\040\000F\000i\000g\000u\000r\000a\000s}{}% 4
\BOOKMARK [0][-]{chapter.1}{\376\377\000I\000n\000t\000r\000o\000d\000u\000c\000c\000i\000\363\000n\000\040\000y\000\040\000J\000u\000s\000t\000i\000f\000i\000c\000a\000c\000i\000\363\000n}{}% 5
\BOOKMARK [1][-]{section.1.1}{\376\377\000I\000n\000t\000r\000o\000d\000u\000c\000c\000i\000\363\000n}{chapter.1}% 6
\BOOKMARK [1][-]{section.1.2}{\376\377\000J\000u\000s\000t\000i\000f\000i\000c\000a\000c\000i\000\363\000n}{chapter.1}% 7
\BOOKMARK [1][-]{section.1.3}{\376\377\000O\000b\000j\000e\000t\000i\000v\000o\000s}{chapter.1}% 8
\BOOKMARK [2][-]{subsection.1.3.1}{\376\377\000O\000b\000j\000e\000t\000i\000v\000o\000\040\000G\000e\000n\000e\000r\000a\000l}{section.1.3}% 9
\BOOKMARK [2][-]{subsection.1.3.2}{\376\377\000O\000b\000j\000e\000t\000i\000v\000o\000s\000\040\000E\000s\000p\000e\000c\000\355\000f\000i\000c\000o\000s}{section.1.3}% 10
\BOOKMARK [0][-]{chapter.2}{\376\377\000M\000a\000r\000c\000o\000\040\000T\000e\000\363\000r\000i\000c\000o}{}% 11
\BOOKMARK [1][-]{section.2.1}{\376\377\000C\000o\000m\000p\000u\000t\000a\000c\000i\000\363\000n\000\040\000C\000u\000\341\000n\000t\000i\000c\000a}{chapter.2}% 12
\BOOKMARK [2][-]{subsection.2.1.1}{\376\377\000Q\000u\000b\000i\000t\000s\000\040\000y\000\040\000e\000s\000t\000a\000d\000o\000s\000\040\000c\000u\000\341\000n\000t\000i\000c\000o\000s}{section.2.1}% 13
\BOOKMARK [2][-]{subsection.2.1.2}{\376\377\000P\000u\000e\000r\000t\000a\000s\000\040\000c\000u\000\341\000n\000t\000i\000c\000a\000s}{section.2.1}% 14
\BOOKMARK [2][-]{subsection.2.1.3}{\376\377\000C\000i\000r\000c\000u\000i\000t\000o\000s\000\040\000c\000u\000\341\000n\000t\000i\000c\000o\000s\000\040\000p\000a\000r\000a\000m\000e\000t\000r\000i\000z\000a\000d\000o\000s}{section.2.1}% 15
\BOOKMARK [1][-]{section.2.2}{\376\377\000M\000a\000c\000h\000i\000n\000e\000\040\000L\000e\000a\000r\000n\000i\000n\000g\000\040\000C\000l\000\341\000s\000i\000c\000o}{chapter.2}% 16
\BOOKMARK [2][-]{subsection.2.2.1}{\376\377\000S\000u\000p\000p\000o\000r\000t\000\040\000V\000e\000c\000t\000o\000r\000\040\000M\000a\000c\000h\000i\000n\000e\000\040\000\050\000S\000V\000M\000\051}{section.2.2}% 17
\BOOKMARK [2][-]{subsection.2.2.2}{\376\377\000R\000e\000d\000e\000s\000\040\000N\000e\000u\000r\000o\000n\000a\000l\000e\000s\000\040\000\050\000M\000L\000P\000\051}{section.2.2}% 18
\BOOKMARK [2][-]{subsection.2.2.3}{\376\377\000K\000-\000N\000e\000a\000r\000e\000s\000t\000\040\000N\000e\000i\000g\000h\000b\000o\000r\000s\000\040\000\050\000K\000N\000N\000\051}{section.2.2}% 19
\BOOKMARK [1][-]{section.2.3}{\376\377\000Q\000u\000a\000n\000t\000u\000m\000\040\000M\000a\000c\000h\000i\000n\000e\000\040\000L\000e\000a\000r\000n\000i\000n\000g}{chapter.2}% 20
\BOOKMARK [2][-]{subsection.2.3.1}{\376\377\000V\000a\000r\000i\000a\000t\000i\000o\000n\000a\000l\000\040\000Q\000u\000a\000n\000t\000u\000m\000\040\000C\000l\000a\000s\000s\000i\000f\000i\000e\000r\000\040\000\050\000V\000Q\000C\000\051}{section.2.3}% 21
\BOOKMARK [2][-]{subsection.2.3.2}{\376\377\000Q\000u\000a\000n\000t\000u\000m\000\040\000S\000V\000M\000\040\000\050\000Q\000S\000V\000C\000\051}{section.2.3}% 22
\BOOKMARK [2][-]{subsection.2.3.3}{\376\377\000F\000e\000a\000t\000u\000r\000e\000\040\000M\000a\000p\000s}{section.2.3}% 23
\BOOKMARK [2][-]{subsection.2.3.4}{\376\377\000A\000n\000s\000a\000t\000z\000\040\000y\000\040\000B\000a\000r\000r\000e\000n\000\040\000P\000l\000a\000t\000e\000a\000u\000s}{section.2.3}% 24
\BOOKMARK [2][-]{subsection.2.3.5}{\376\377\000O\000p\000t\000i\000m\000i\000z\000a\000d\000o\000r\000e\000s}{section.2.3}% 25
\BOOKMARK [0][-]{chapter.3}{\376\377\000M\000e\000t\000o\000d\000o\000l\000o\000g\000\355\000a}{}% 26
\BOOKMARK [1][-]{section.3.1}{\376\377\000T\000i\000p\000o\000\040\000d\000e\000\040\000I\000n\000v\000e\000s\000t\000i\000g\000a\000c\000i\000\363\000n}{chapter.3}% 27
\BOOKMARK [1][-]{section.3.2}{\376\377\000D\000a\000t\000a\000s\000e\000t\000s}{chapter.3}% 28
\BOOKMARK [2][-]{subsection.3.2.1}{\376\377\000D\000a\000t\000a\000s\000e\000t\000\040\000I\000r\000i\000s}{section.3.2}% 29
\BOOKMARK [2][-]{subsection.3.2.2}{\376\377\000D\000a\000t\000a\000s\000e\000t\000\040\000M\000N\000I\000S\000T\000\040\000R\000e\000d\000u\000c\000i\000d\000o}{section.3.2}% 30
\BOOKMARK [1][-]{section.3.3}{\376\377\000P\000r\000e\000p\000r\000o\000c\000e\000s\000a\000m\000i\000e\000n\000t\000o}{chapter.3}% 31
\BOOKMARK [1][-]{section.3.4}{\376\377\000M\000o\000d\000e\000l\000o\000s\000\040\000I\000m\000p\000l\000e\000m\000e\000n\000t\000a\000d\000o\000s}{chapter.3}% 32
\BOOKMARK [2][-]{subsection.3.4.1}{\376\377\000M\000o\000d\000e\000l\000o\000s\000\040\000C\000l\000\341\000s\000i\000c\000o\000s\000\040\000\050\000B\000a\000s\000e\000l\000i\000n\000e\000s\000\051}{section.3.4}% 33
\BOOKMARK [2][-]{subsection.3.4.2}{\376\377\000M\000o\000d\000e\000l\000o\000s\000\040\000C\000u\000\341\000n\000t\000i\000c\000o\000s}{section.3.4}% 34
\BOOKMARK [1][-]{section.3.5}{\376\377\000D\000i\000s\000e\000\361\000o\000\040\000d\000e\000l\000\040\000C\000i\000r\000c\000u\000i\000t\000o\000\040\000C\000u\000\341\000n\000t\000i\000c\000o}{chapter.3}% 35
\BOOKMARK [1][-]{section.3.6}{\376\377\000E\000x\000p\000e\000r\000i\000m\000e\000n\000t\000o\000s\000\040\000R\000e\000a\000l\000i\000z\000a\000d\000o\000s}{chapter.3}% 36
\BOOKMARK [1][-]{section.3.7}{\376\377\000M\000\351\000t\000r\000i\000c\000a\000s\000\040\000d\000e\000\040\000E\000v\000a\000l\000u\000a\000c\000i\000\363\000n}{chapter.3}% 37
\BOOKMARK [1][-]{section.3.8}{\376\377\000H\000e\000r\000r\000a\000m\000i\000e\000n\000t\000a\000s}{chapter.3}% 38
\BOOKMARK [0][-]{chapter.4}{\376\377\000R\000e\000s\000u\000l\000t\000a\000d\000o\000s}{}% 39
\BOOKMARK [1][-]{section.4.1}{\376\377\000A\000n\000\341\000l\000i\000s\000i\000s\000\040\000E\000x\000p\000l\000o\000r\000a\000t\000o\000r\000i\000o\000\040\000d\000e\000l\000\040\000D\000a\000t\000a\000s\000e\000t}{chapter.4}% 40
\BOOKMARK [1][-]{section.4.2}{\376\377\000R\000e\000s\000u\000l\000t\000a\000d\000o\000s\000\040\000d\000e\000\040\000M\000o\000d\000e\000l\000o\000s\000\040\000C\000l\000\341\000s\000i\000c\000o\000s}{chapter.4}% 41
\BOOKMARK [1][-]{section.4.3}{\376\377\000R\000e\000s\000u\000l\000t\000a\000d\000o\000s\000\040\000d\000e\000\040\000M\000o\000d\000e\000l\000o\000s\000\040\000C\000u\000\341\000n\000t\000i\000c\000o\000s}{chapter.4}% 42
\BOOKMARK [2][-]{subsection.4.3.1}{\376\377\000V\000Q\000C}{section.4.3}% 43
\BOOKMARK [2][-]{subsection.4.3.2}{\376\377\000Q\000S\000V\000C}{section.4.3}% 44
\BOOKMARK [1][-]{section.4.4}{\376\377\000C\000o\000m\000p\000a\000r\000a\000c\000i\000\363\000n\000\040\000G\000e\000n\000e\000r\000a\000l}{chapter.4}% 45
\BOOKMARK [2][-]{subsection.4.4.1}{\376\377\000M\000a\000t\000r\000i\000c\000e\000s\000\040\000d\000e\000\040\000C\000o\000n\000f\000u\000s\000i\000\363\000n}{section.4.4}% 46
\BOOKMARK [2][-]{subsection.4.4.2}{\376\377\000F\000r\000o\000n\000t\000e\000r\000a\000s\000\040\000d\000e\000\040\000D\000e\000c\000i\000s\000i\000\363\000n}{section.4.4}% 47
\BOOKMARK [1][-]{section.4.5}{\376\377\000E\000x\000p\000e\000r\000i\000m\000e\000n\000t\000o\000\040\0001\000:\000\040\000C\000o\000m\000p\000a\000r\000a\000c\000i\000\363\000n\000\040\000d\000e\000\040\000F\000e\000a\000t\000u\000r\000e\000\040\000M\000a\000p\000s}{chapter.4}% 48
\BOOKMARK [1][-]{section.4.6}{\376\377\000E\000x\000p\000e\000r\000i\000m\000e\000n\000t\000o\000\040\0002\000:\000\040\000P\000r\000o\000f\000u\000n\000d\000i\000d\000a\000d\000\040\000d\000e\000l\000\040\000A\000n\000s\000a\000t\000z}{chapter.4}% 49
\BOOKMARK [1][-]{section.4.7}{\376\377\000E\000x\000p\000e\000r\000i\000m\000e\000n\000t\000o\000\040\0003\000:\000\040\000C\000o\000m\000p\000a\000r\000a\000c\000i\000\363\000n\000\040\000d\000e\000\040\000O\000p\000t\000i\000m\000i\000z\000a\000d\000o\000r\000e\000s}{chapter.4}% 50
\BOOKMARK [1][-]{section.4.8}{\376\377\000K\000e\000r\000n\000e\000l\000\040\000C\000u\000\341\000n\000t\000i\000c\000o\000\040\000v\000s\000\040\000K\000e\000r\000n\000e\000l\000\040\000R\000B\000F}{chapter.4}% 51
\BOOKMARK [1][-]{section.4.9}{\376\377\000V\000a\000r\000i\000a\000n\000z\000a\000\040\000d\000e\000l\000\040\000V\000Q\000C}{chapter.4}% 52
\BOOKMARK [1][-]{section.4.10}{\376\377\000M\000N\000I\000S\000T\000\040\000R\000e\000d\000u\000c\000i\000d\000o}{chapter.4}% 53
\BOOKMARK [0][-]{chapter.5}{\376\377\000D\000i\000s\000c\000u\000s\000i\000\363\000n}{}% 54
\BOOKMARK [1][-]{section.5.1}{\376\377\000A\000n\000\341\000l\000i\000s\000i\000s\000\040\000d\000e\000\040\000l\000o\000s\000\040\000R\000e\000s\000u\000l\000t\000a\000d\000o\000s}{chapter.5}% 55
\BOOKMARK [1][-]{section.5.2}{\376\377\000S\000o\000b\000r\000e\000\040\000l\000o\000s\000\040\000F\000e\000a\000t\000u\000r\000e\000\040\000M\000a\000p\000s}{chapter.5}% 56
\BOOKMARK [1][-]{section.5.3}{\376\377\000S\000o\000b\000r\000e\000\040\000l\000a\000\040\000P\000r\000o\000f\000u\000n\000d\000i\000d\000a\000d\000\040\000d\000e\000l\000\040\000A\000n\000s\000a\000t\000z}{chapter.5}% 57
\BOOKMARK [1][-]{section.5.4}{\376\377\000S\000o\000b\000r\000e\000\040\000l\000o\000s\000\040\000O\000p\000t\000i\000m\000i\000z\000a\000d\000o\000r\000e\000s}{chapter.5}% 58
\BOOKMARK [1][-]{section.5.5}{\376\377\000S\000o\000b\000r\000e\000\040\000l\000a\000\040\000V\000a\000r\000i\000a\000n\000z\000a}{chapter.5}% 59
\BOOKMARK [1][-]{section.5.6}{\376\377\000L\000i\000m\000i\000t\000a\000c\000i\000o\000n\000e\000s\000\040\000d\000e\000l\000\040\000T\000r\000a\000b\000a\000j\000o}{chapter.5}% 60
\BOOKMARK [0][-]{chapter.6}{\376\377\000C\000o\000n\000c\000l\000u\000s\000i\000o\000n\000e\000s\000\040\000y\000\040\000T\000r\000a\000b\000a\000j\000o\000s\000\040\000F\000u\000t\000u\000r\000o\000s}{}% 61
\BOOKMARK [1][-]{section.6.1}{\376\377\000C\000o\000n\000c\000l\000u\000s\000i\000o\000n\000e\000s}{chapter.6}% 62
\BOOKMARK [1][-]{section.6.2}{\376\377\000T\000r\000a\000b\000a\000j\000o\000s\000\040\000F\000u\000t\000u\000r\000o\000s}{chapter.6}% 63
\BOOKMARK [0][-]{chapter*.23}{\376\377\000B\000i\000b\000l\000i\000o\000g\000r\000a\000f\000\355\000a}{}% 64
\BOOKMARK [0][-]{chapter*.23}{\376\377\000B\000i\000b\000l\000i\000o\000g\000r\000a\000f\000\355\000a}{}% 65
