\BOOKMARK [1][-]{section.1}{\376\377\000O\000b\000j\000e\000t\000i\000v\000o\000\040\000y\000\040\000m\000e\000t\000o\000d\000o\000l\000o\000g\000\355\000a}{}% 1
\BOOKMARK [2][-]{subsection.1.1}{\376\377\000O\000b\000j\000e\000t\000i\000v\000o}{section.1}% 2
\BOOKMARK [2][-]{subsection.1.2}{\376\377\000C\000r\000i\000t\000e\000r\000i\000o\000s\000\040\000d\000e\000\040\000r\000e\000s\000o\000l\000u\000c\000i\000\363\000n}{section.1}% 3
\BOOKMARK [2][-]{subsection.1.3}{\376\377\000C\000o\000n\000v\000e\000n\000c\000i\000\363\000n\000\040\000u\000s\000a\000d\000a}{section.1}% 4
\BOOKMARK [1][-]{section.2}{\376\377\000H\000e\000r\000r\000a\000m\000i\000e\000n\000t\000a\000s\000\040\000y\000\040\000e\000n\000t\000o\000r\000n\000o}{}% 5
\BOOKMARK [2][-]{subsection.2.1}{\376\377\000M\000a\000r\000c\000o\000\040\000d\000e\000\040\000t\000r\000a\000b\000a\000j\000o}{section.2}% 6
\BOOKMARK [1][-]{section.3}{\376\377\000E\000j\000e\000r\000c\000i\000c\000i\000o\000\040\0001\000:\000\040\000S\000i\000m\000u\000l\000a\000c\000i\000\363\000n\000\040\000b\000\341\000s\000i\000c\000a\000\040\000d\000e\000\040\000e\000v\000o\000l\000u\000c\000i\000\363\000n}{}% 7
\BOOKMARK [2][-]{subsection.3.1}{\376\377\000\050\000a\000\051\000\040\000C\000\341\000l\000c\000u\000l\000o\000\040\000d\000e\000\040\0001\000\040\000=\000\040\0000\000\040\000P}{section.3}% 8
\BOOKMARK [2][-]{subsection.3.2}{\376\377\000\050\000b\000\051\000\040\000C\000\341\000l\000c\000u\000l\000o\000\040\000d\000e\000\040\0002\000\040\000=\000\040\0000\000\040\000P\0002}{section.3}% 9
\BOOKMARK [2][-]{subsection.3.3}{\376\377\000\050\000c\000\051\000\040\000V\000e\000r\000i\000f\000i\000c\000a\000c\000i\000\363\000n\000\040\000n\000u\000m\000\351\000r\000i\000c\000a}{section.3}% 10
\BOOKMARK [2][-]{subsection.3.4}{\376\377\000\050\000d\000\051\000\040\000I\000n\000t\000e\000r\000p\000r\000e\000t\000a\000c\000i\000\363\000n\000\040\000p\000r\000o\000b\000a\000b\000i\000l\000\355\000s\000t\000i\000c\000a}{section.3}% 11
\BOOKMARK [1][-]{section.4}{\376\377\000E\000j\000e\000r\000c\000i\000c\000i\000o\000\040\0002\000:\000\040\000V\000e\000r\000i\000f\000i\000c\000a\000c\000i\000\363\000n\000\040\000y\000\040\000c\000a\000n\000a\000l\000\040\000c\000u\000\341\000n\000t\000i\000c\000o}{}% 12
\BOOKMARK [2][-]{subsection.4.1}{\376\377\000\050\000a\000\051\000\040\000V\000e\000r\000i\000f\000i\000c\000a\000c\000i\000\363\000n\000\040\000d\000e\000\040\000m\000a\000t\000r\000i\000z\000\040\000e\000s\000t\000o\000c\000\341\000s\000t\000i\000c\000a}{section.4}% 13
\BOOKMARK [2][-]{subsection.4.2}{\376\377\000\050\000b\000\051\000\040\000I\000n\000t\000e\000r\000p\000r\000e\000t\000a\000c\000i\000\363\000n\000\040\000c\000o\000m\000o\000\040\000p\000r\000o\000c\000e\000s\000o\000\040\000d\000e\000\040\000t\000r\000a\000n\000s\000i\000c\000i\000\363\000n}{section.4}% 14
\BOOKMARK [2][-]{subsection.4.3}{\376\377\000\050\000c\000\051\000\040\000R\000e\000l\000a\000c\000i\000\363\000n\000\040\000c\000o\000n\000\040\000u\000n\000\040\000c\000a\000n\000a\000l\000\040\000c\000u\000\341\000n\000t\000i\000c\000o}{section.4}% 15
\BOOKMARK [2][-]{subsection.4.4}{\376\377\000\050\000d\000\051\000\040\000M\000o\000d\000e\000l\000a\000d\000o\000\040\000c\000o\000n\000\040\000o\000p\000e\000r\000a\000d\000o\000r\000e\000s\000\040\000d\000e\000\040\000K\000r\000a\000u\000s}{section.4}% 16
\BOOKMARK [1][-]{section.5}{\376\377\000E\000j\000e\000r\000c\000i\000c\000i\000o\000\040\0003\000:\000\040\000E\000s\000t\000a\000d\000o\000\040\000e\000s\000t\000a\000c\000i\000o\000n\000a\000r\000i\000o}{}% 17
\BOOKMARK [2][-]{subsection.5.1}{\376\377\000\050\000a\000\051\000\040\000H\000a\000l\000l\000a\000r\000\040\000*\000\040\000t\000a\000l\000\040\000q\000u\000e\000\040\000*\000\040\000P\000\040\000=\000\040\000*}{section.5}% 18
\BOOKMARK [2][-]{subsection.5.2}{\376\377\000\050\000b\000\051\000\040\000V\000e\000r\000i\000f\000i\000c\000a\000r\000\040\0001\000\040\000+\000\040\0002\000\040\000=\000\040\0001}{section.5}% 19
\BOOKMARK [2][-]{subsection.5.3}{\376\377\000\050\000c\000\051\000\040\000A\000u\000t\000o\000v\000a\000l\000o\000r\000e\000s\000\040\000y\000\040\000a\000u\000t\000o\000v\000e\000c\000t\000o\000r\000e\000s\000\040\000d\000e\000\040\000P}{section.5}% 20
\BOOKMARK [2][-]{subsection.5.4}{\376\377\000\050\000d\000\051\000\040\000V\000e\000r\000i\000f\000i\000c\000a\000c\000i\000\363\000n\000\040\000n\000u\000m\000\351\000r\000i\000c\000a}{section.5}% 21
\BOOKMARK [1][-]{section.6}{\376\377\000E\000j\000e\000r\000c\000i\000c\000i\000o\000\040\0004\000:\000\040\000C\000o\000n\000v\000e\000r\000g\000e\000n\000c\000i\000a\000\040\000d\000e\000\040\000p\000r\000o\000c\000e\000s\000o\000s}{}% 22
\BOOKMARK [2][-]{subsection.6.1}{\376\377\000\050\000a\000\051\040\023\000\050\000b\000\051\000\040\000I\000t\000e\000r\000a\000c\000i\000\363\000n\000\040\000h\000a\000s\000t\000a\000\040\000n\000=\0001\0000}{section.6}% 23
\BOOKMARK [2][-]{subsection.6.2}{\376\377\000\050\000c\000\051\000\040\000V\000e\000r\000i\000f\000i\000c\000a\000c\000i\000\363\000n\000\040\000d\000e\000\040\000i\000t\000e\000r\000a\000c\000i\000o\000n\000e\000s}{section.6}% 24
\BOOKMARK [2][-]{subsection.6.3}{\376\377\000\050\000d\000\051\000\040\000A\000n\000\341\000l\000i\000s\000i\000s\000\040\000d\000e\000\040\000c\000o\000n\000v\000e\000r\000g\000e\000n\000c\000i\000a}{section.6}% 25
\BOOKMARK [1][-]{section.7}{\376\377\000E\000j\000e\000r\000c\000i\000c\000i\000o\000\040\0005\000:\000\040\000N\000i\000v\000e\000l\000\040\000a\000v\000a\000n\000z\000a\000d\000o\000\040\040\024\000\040\000C\000a\000n\000a\000l\000\040\000c\000u\000\341\000n\000t\000i\000c\000o}{}% 26
\BOOKMARK [2][-]{subsection.7.1}{\376\377\000\050\000a\000\051\000\040\000I\000n\000t\000e\000r\000p\000r\000e\000t\000a\000c\000i\000\363\000n\000\040\000c\000o\000n\000\040\000e\000s\000t\000a\000d\000o\000\040\000a\000b\000s\000o\000r\000b\000e\000n\000t\000e\000\040\000y\000\040\000a\000n\000a\000l\000o\000g\000\355\000a\000\040\000f\000\355\000s\000i\000c\000a}{section.7}% 27
\BOOKMARK [2][-]{subsection.7.2}{\376\377\000\050\000b\000\051\000\040\000O\000p\000e\000r\000a\000d\000o\000r\000e\000s\000\040\000d\000e\000\040\000K\000r\000a\000u\000s\000\040\000a\000s\000o\000c\000i\000a\000d\000o\000s\000\040\000y\000\040\000c\000o\000n\000d\000i\000c\000i\000o\000n\000e\000s\000\040\000d\000e\000l\000\040\000c\000a\000n\000a\000l}{section.7}% 28
\BOOKMARK [2][-]{subsection.7.3}{\376\377\000\050\000c\000\051\000\040\000I\000m\000p\000l\000e\000m\000e\000n\000t\000a\000c\000i\000\363\000n\000\040\000d\000e\000l\000\040\000c\000a\000n\000a\000l\000\040\000e\000n\000\040\000Q\000i\000s\000k\000i\000t}{section.7}% 29
\BOOKMARK [2][-]{subsection.7.4}{\376\377\000\050\000d\000\051\000\040\000E\000f\000e\000c\000t\000o\000\040\000s\000o\000b\000r\000e\000\040\000u\000n\000\040\000e\000s\000t\000a\000d\000o\000\040\000c\000u\000\341\000n\000t\000i\000c\000o\000\040\000a\000r\000b\000i\000t\000r\000a\000r\000i\000o\000,\000\040\000p\000u\000r\000e\000z\000a\000\040\000y\000\040\000e\000s\000f\000e\000r\000a\000\040\000d\000e\000\040\000B\000l\000o\000c\000h}{section.7}% 30
\BOOKMARK [1][-]{section.8}{\376\377\000C\000o\000n\000c\000l\000u\000s\000i\000o\000n\000e\000s}{}% 31
\BOOKMARK [1][-]{appendix.Alph1}{\376\377\000A\000p\000\351\000n\000d\000i\000c\000e\000\040\000A\000:\000\040\000E\000v\000i\000d\000e\000n\000c\000i\000a\000s\000\040\000d\000e\000\040\000e\000j\000e\000c\000u\000c\000i\000\363\000n\000\040\000y\000\040\000t\000r\000a\000n\000s\000p\000i\000l\000a\000c\000i\000\363\000n}{}% 32
\BOOKMARK [1][-]{appendix.Alph2}{\376\377\000A\000p\000\351\000n\000d\000i\000c\000e\000\040\000B\000:\000\040\000V\000a\000l\000i\000d\000a\000c\000i\000\363\000n\000\040\000n\000u\000m\000\351\000r\000i\000c\000a}{}% 33
