\BOOKMARK [1][-]{section.1}{\376\377\000O\000b\000j\000e\000t\000i\000v\000o\000\040\000g\000e\000n\000e\000r\000a\000l}{}% 1
\BOOKMARK [1][-]{section.2}{\376\377\000O\000b\000j\000e\000t\000i\000v\000o\000s\000\040\000e\000s\000p\000e\000c\000\355\000f\000i\000c\000o\000s}{}% 2
\BOOKMARK [1][-]{section.3}{\376\377\000J\000u\000s\000t\000i\000f\000i\000c\000a\000c\000i\000\363\000n}{}% 3
\BOOKMARK [1][-]{section.4}{\376\377\000M\000a\000r\000c\000o\000\040\000t\000e\000\363\000r\000i\000c\000o}{}% 4
\BOOKMARK [2][-]{subsection.4.1}{\376\377\000C\000o\000m\000p\000u\000t\000a\000c\000i\000\363\000n\000\040\000c\000u\000\341\000n\000t\000i\000c\000a}{section.4}% 5
\BOOKMARK [3][-]{subsubsection.4.1.1}{\376\377\000Q\000u\000b\000i\000t\000s\000\040\000y\000\040\000e\000s\000t\000a\000d\000o\000s\000\040\000c\000u\000\341\000n\000t\000i\000c\000o\000s}{subsection.4.1}% 6
\BOOKMARK [3][-]{subsubsection.4.1.2}{\376\377\000P\000u\000e\000r\000t\000a\000s\000\040\000c\000u\000\341\000n\000t\000i\000c\000a\000s}{subsection.4.1}% 7
\BOOKMARK [3][-]{subsubsection.4.1.3}{\376\377\000C\000i\000r\000c\000u\000i\000t\000o\000s\000\040\000p\000a\000r\000a\000m\000e\000t\000r\000i\000z\000a\000d\000o\000s\000,\000\040\000m\000e\000d\000i\000c\000i\000\363\000n\000\040\000y\000\040\000Q\000F\000T}{subsection.4.1}% 8
\BOOKMARK [2][-]{subsection.4.2}{\376\377\000M\000a\000c\000h\000i\000n\000e\000\040\000L\000e\000a\000r\000n\000i\000n\000g\000\040\000c\000l\000\341\000s\000i\000c\000o}{section.4}% 9
\BOOKMARK [3][-]{subsubsection.4.2.1}{\376\377\000A\000p\000r\000e\000n\000d\000i\000z\000a\000j\000e\000\040\000s\000u\000p\000e\000r\000v\000i\000s\000a\000d\000o\000\040\000y\000\040\000n\000o\000\040\000s\000u\000p\000e\000r\000v\000i\000s\000a\000d\000o}{subsection.4.2}% 10
\BOOKMARK [3][-]{subsubsection.4.2.2}{\376\377\000S\000V\000M\000,\000\040\000M\000L\000P\000,\000\040\000K\000N\000N\000\040\000y\000\040\000m\000\351\000t\000r\000i\000c\000a\000s}{subsection.4.2}% 11
\BOOKMARK [2][-]{subsection.4.3}{\376\377\000Q\000u\000a\000n\000t\000u\000m\000\040\000M\000a\000c\000h\000i\000n\000e\000\040\000L\000e\000a\000r\000n\000i\000n\000g\000\040\000\050\000Q\000M\000L\000\051}{section.4}% 12
\BOOKMARK [3][-]{subsubsection.4.3.1}{\376\377\000V\000a\000r\000i\000a\000t\000i\000o\000n\000a\000l\000\040\000Q\000u\000a\000n\000t\000u\000m\000\040\000C\000l\000a\000s\000s\000i\000f\000i\000e\000r\000\040\000\050\000V\000Q\000C\000\051}{subsection.4.3}% 13
\BOOKMARK [3][-]{subsubsection.4.3.2}{\376\377\000Q\000u\000a\000n\000t\000u\000m\000\040\000S\000V\000M\000\040\000\050\000Q\000S\000V\000C\000\051}{subsection.4.3}% 14
\BOOKMARK [3][-]{subsubsection.4.3.3}{\376\377\000Q\000u\000a\000n\000t\000u\000m\000\040\000N\000e\000u\000r\000a\000l\000\040\000N\000e\000t\000w\000o\000r\000k\000s\000\040\000\050\000Q\000N\000N\000\051}{subsection.4.3}% 15
\BOOKMARK [3][-]{subsubsection.4.3.4}{\376\377\000F\000e\000a\000t\000u\000r\000e\000\040\000m\000a\000p\000s\000\040\000y\000\040\000a\000n\000s\000a\000t\000z}{subsection.4.3}% 16
\BOOKMARK [3][-]{subsubsection.4.3.5}{\376\377\000O\000p\000t\000i\000m\000i\000z\000a\000d\000o\000r\000e\000s}{subsection.4.3}% 17
\BOOKMARK [2][-]{subsection.4.4}{\376\377\000E\000s\000t\000a\000d\000o\000\040\000d\000e\000l\000\040\000a\000r\000t\000e\000\040\000r\000e\000c\000i\000e\000n\000t\000e\000\040\000\050\0002\0000\0002\0004\040\023\0002\0000\0002\0006\000\051}{section.4}% 18
\BOOKMARK [2][-]{subsection.4.5}{\376\377\000F\000r\000a\000m\000e\000w\000o\000r\000k\000s\000\040\000d\000e\000\040\000Q\000M\000L}{section.4}% 19
\BOOKMARK [1][-]{section.5}{\376\377\000M\000e\000t\000o\000d\000o\000l\000o\000g\000\355\000a}{}% 20
\BOOKMARK [2][-]{subsection.5.1}{\376\377\000T\000i\000p\000o\000\040\000d\000e\000\040\000i\000n\000v\000e\000s\000t\000i\000g\000a\000c\000i\000\363\000n}{section.5}% 21
\BOOKMARK [2][-]{subsection.5.2}{\376\377\000I\000n\000v\000e\000s\000t\000i\000g\000a\000c\000i\000\363\000n\000\040\000y\000\040\000d\000i\000s\000e\000\361\000o}{section.5}% 22
\BOOKMARK [3][-]{subsubsection.5.2.1}{\376\377\000R\000e\000v\000i\000s\000i\000\363\000n\000\040\000s\000i\000s\000t\000e\000m\000\341\000t\000i\000c\000a\000\040\000\050\000P\000R\000I\000S\000M\000A\000\051}{subsection.5.2}% 23
\BOOKMARK [3][-]{subsubsection.5.2.2}{\376\377\000S\000e\000l\000e\000c\000c\000i\000\363\000n\000\040\000d\000e\000l\000\040\000m\000o\000d\000e\000l\000o\000\040\000c\000u\000\341\000n\000t\000i\000c\000o}{subsection.5.2}% 24
\BOOKMARK [3][-]{subsubsection.5.2.3}{\376\377\000E\000l\000e\000c\000c\000i\000\363\000n\000\040\000d\000e\000l\000\040\000d\000a\000t\000a\000s\000e\000t}{subsection.5.2}% 25
