\BOOKMARK [1][-]{section.1}{\376\377\000I\000n\000t\000r\000o\000d\000u\000c\000c\000i\000\363\000n}{}% 1
\BOOKMARK [1][-]{section.2}{\376\377\000M\000a\000r\000c\000o\000\040\000T\000e\000\363\000r\000i\000c\000o}{}% 2
\BOOKMARK [2][-]{subsection.2.1}{\376\377\000P\000r\000o\000c\000e\000s\000a\000d\000o\000r\000e\000s\000\040\000I\000B\000M\000\040\000H\000e\000r\000o\000n\000\040\000r\0002}{section.2}% 3
\BOOKMARK [2][-]{subsection.2.2}{\376\377\000F\000i\000d\000e\000l\000i\000d\000a\000d\000\040\000d\000e\000l\000\040\000E\000s\000t\000a\000d\000o\000\040\000d\000e\000\040\000B\000e\000l\000l}{section.2}% 4
\BOOKMARK [2][-]{subsection.2.3}{\376\377\000M\000i\000t\000i\000g\000a\000c\000i\000\363\000n\000\040\000d\000e\000\040\000E\000r\000r\000o\000r\000e\000s\000\040\000d\000e\000\040\000M\000e\000d\000i\000c\000i\000\363\000n\000\040\000\050\000T\000R\000E\000X\000\051}{section.2}% 5
\BOOKMARK [1][-]{section.3}{\376\377\000E\000x\000p\000e\000r\000i\000m\000e\000n\000t\000a\000c\000i\000\363\000n}{}% 6
\BOOKMARK [2][-]{subsection.3.1}{\376\377\000I\000n\000t\000r\000o\000d\000u\000c\000c\000i\000\363\000n\000\040\000a\000\040\000l\000a\000\040\000e\000x\000p\000e\000r\000i\000m\000e\000n\000t\000a\000c\000i\000\363\000n}{section.3}% 7
\BOOKMARK [2][-]{subsection.3.2}{\376\377\000E\000n\000t\000o\000r\000n\000o\000\040\000e\000x\000p\000e\000r\000i\000m\000e\000n\000t\000a\000l}{section.3}% 8
\BOOKMARK [3][-]{subsubsection.3.2.1}{\376\377\000H\000a\000r\000d\000w\000a\000r\000e}{subsection.3.2}% 9
\BOOKMARK [3][-]{subsubsection.3.2.2}{\376\377\000S\000o\000f\000t\000w\000a\000r\000e}{subsection.3.2}% 10
\BOOKMARK [2][-]{subsection.3.3}{\376\377\000D\000a\000t\000o\000s\000\040\000u\000t\000i\000l\000i\000z\000a\000d\000o\000s}{section.3}% 11
\BOOKMARK [3][-]{subsubsection.3.3.1}{\376\377\000O\000r\000i\000g\000e\000n\000\040\000d\000e\000\040\000l\000o\000s\000\040\000d\000a\000t\000o\000s}{subsection.3.3}% 12
\BOOKMARK [3][-]{subsubsection.3.3.2}{\376\377\000D\000e\000s\000c\000r\000i\000p\000c\000i\000\363\000n\000\040\000d\000e\000l\000\040\000c\000o\000n\000j\000u\000n\000t\000o\000\040\000d\000e\000\040\000d\000a\000t\000o\000s}{subsection.3.3}% 13
\BOOKMARK [3][-]{subsubsection.3.3.3}{\376\377\000P\000r\000e\000p\000r\000o\000c\000e\000s\000a\000m\000i\000e\000n\000t\000o\000\040\000d\000e\000\040\000d\000a\000t\000o\000s}{subsection.3.3}% 14
\BOOKMARK [2][-]{subsection.3.4}{\376\377\000D\000i\000s\000e\000\361\000o\000\040\000e\000x\000p\000e\000r\000i\000m\000e\000n\000t\000a\000l}{section.3}% 15
\BOOKMARK [3][-]{subsubsection.3.4.1}{\376\377\000O\000b\000j\000e\000t\000i\000v\000o\000\040\000e\000x\000p\000e\000r\000i\000m\000e\000n\000t\000a\000l}{subsection.3.4}% 16
\BOOKMARK [3][-]{subsubsection.3.4.2}{\376\377\000M\000\351\000t\000r\000i\000c\000a\000s\000\040\000d\000e\000\040\000e\000v\000a\000l\000u\000a\000c\000i\000\363\000n}{subsection.3.4}% 17
\BOOKMARK [3][-]{subsubsection.3.4.3}{\376\377\000E\000s\000c\000e\000n\000a\000r\000i\000o\000s\000\040\000d\000e\000\040\000p\000r\000u\000e\000b\000a}{subsection.3.4}% 18
\BOOKMARK [3][-]{subsubsection.3.4.4}{\376\377\000C\000o\000m\000p\000a\000r\000a\000c\000i\000\363\000n\000\040\000c\000o\000n\000\040\000t\000r\000a\000b\000a\000j\000o\000s\000\040\000r\000e\000l\000a\000c\000i\000o\000n\000a\000d\000o\000s}{subsection.3.4}% 19
\BOOKMARK [2][-]{subsection.3.5}{\376\377\000I\000m\000p\000l\000e\000m\000e\000n\000t\000a\000c\000i\000\363\000n\000\040\000d\000e\000l\000\040\000s\000i\000s\000t\000e\000m\000a}{section.3}% 20
\BOOKMARK [3][-]{subsubsection.3.5.1}{\376\377\000A\000r\000q\000u\000i\000t\000e\000c\000t\000u\000r\000a}{subsection.3.5}% 21
\BOOKMARK [3][-]{subsubsection.3.5.2}{\376\377\000T\000e\000c\000n\000o\000l\000o\000g\000\355\000a\000s\000\040\000u\000t\000i\000l\000i\000z\000a\000d\000a\000s}{subsection.3.5}% 22
\BOOKMARK [2][-]{subsection.3.6}{\376\377\000E\000j\000e\000c\000u\000c\000i\000\363\000n\000\040\000d\000e\000\040\000e\000x\000p\000e\000r\000i\000m\000e\000n\000t\000o\000s}{section.3}% 23
\BOOKMARK [2][-]{subsection.3.7}{\376\377\000R\000e\000p\000r\000o\000d\000u\000c\000i\000b\000i\000l\000i\000d\000a\000d}{section.3}% 24
\BOOKMARK [1][-]{section.4}{\376\377\000R\000e\000s\000u\000l\000t\000a\000d\000o\000s}{}% 25
\BOOKMARK [2][-]{subsection.4.1}{\376\377\000M\000o\000d\000e\000l\000o\000\040\000V\000a\000r\000i\000a\000c\000i\000o\000n\000a\000l\000\040\000C\000o\000r\000r\000e\000g\000i\000d\000o}{section.4}% 26
\BOOKMARK [2][-]{subsection.4.2}{\376\377\000V\000e\000r\000i\000f\000i\000c\000a\000c\000i\000\363\000n\000\040\000G\000e\000o\000m\000\351\000t\000r\000i\000c\000a\000\040\000d\000e\000l\000\040\000R\000u\000i\000d\000o\000\040\000\050\000B\000e\000l\000l\000\051}{section.4}% 27
\BOOKMARK [2][-]{subsection.4.3}{\376\377\000K\000e\000r\000n\000e\000l\000\040\000Q\000S\000V\000C\000:\000\040\000E\000v\000a\000l\000u\000a\000c\000i\000\363\000n\000\040\000d\000e\000\040\000D\000i\000m\000e\000n\000s\000i\000o\000n\000a\000l\000i\000d\000a\000d}{section.4}% 28
\BOOKMARK [2][-]{subsection.4.4}{\376\377\000M\000i\000t\000i\000g\000a\000c\000i\000\363\000n\000\040\000T\000R\000E\000X\000\040\000y\000\040\000M\000\351\000t\000r\000i\000c\000a\000s\000\040\000d\000e\000\040\000I\000m\000a\000g\000e\000n}{section.4}% 29
\BOOKMARK [1][-]{section.5}{\376\377\000D\000i\000s\000c\000u\000s\000i\000\363\000n\000\040\000T\000e\000\363\000r\000i\000c\000a\000\040\000y\000\040\000C\000o\000n\000c\000l\000u\000s\000i\000o\000n\000e\000s\000\040\000d\000e\000l\000\040\000A\000n\000a\000l\000\355\000s\000i\000s\000\040\000E\000x\000p\000e\000r\000i\000m\000e\000n\000t\000a\000l}{}% 30
\BOOKMARK [1][-]{section.6}{\376\377\000C\000o\000n\000c\000l\000u\000s\000i\000o\000n\000e\000s\000\040\000y\000\040\000T\000r\000a\000b\000a\000j\000o\000\040\000F\000u\000t\000u\000r\000o}{}% 31
